cheesetray/CheeseTray/proguard/seeds.txt
com.badlogic.gdx.backends.android.AndroidInput$4$2$1
com.badlogic.gdx.backends.android.AndroidInput$4$2$1: com.badlogic.gdx.backends.android.AndroidInput$4$2 this$2
com.badlogic.gdx.backends.android.AndroidInput$4$2$1: AndroidInput$4$2$1(com.badlogic.gdx.backends.android.AndroidInput$4$2)
com.badlogic.gdx.backends.android.AndroidInput$4$2$1: void run()
com.badlogic.gdx.backends.android.AndroidInput$5
com.badlogic.gdx.backends.android.AndroidInput$5: boolean val$visible
com.badlogic.gdx.backends.android.AndroidInput$5: com.badlogic.gdx.backends.android.AndroidInput this$0
com.badlogic.gdx.backends.android.AndroidInput$5: AndroidInput$5(com.badlogic.gdx.backends.android.AndroidInput,boolean)
com.badlogic.gdx.backends.android.AndroidInput$5: void run()
com.badlogic.gdx.backends.android.AndroidInput$KeyEvent
com.badlogic.gdx.backends.android.AndroidInput$KeyEvent: int KEY_DOWN
com.badlogic.gdx.backends.android.AndroidInput$KeyEvent: int KEY_UP
com.badlogic.gdx.backends.android.AndroidInput$KeyEvent: int KEY_TYPED
com.badlogic.gdx.backends.android.AndroidInput$KeyEvent: long timeStamp
com.badlogic.gdx.backends.android.AndroidInput$KeyEvent: int type
com.badlogic.gdx.backends.android.AndroidInput$KeyEvent: int keyCode
com.badlogic.gdx.backends.android.AndroidInput$KeyEvent: char keyChar
com.badlogic.gdx.backends.android.AndroidInput$KeyEvent: AndroidInput$KeyEvent()
com.badlogic.gdx.backends.android.AndroidInput$SensorListener
com.badlogic.gdx.backends.android.AndroidInput$SensorListener: float[] accelerometerValues
com.badlogic.gdx.backends.android.AndroidInput$SensorListener: float[] magneticFieldValues
com.badlogic.gdx.backends.android.AndroidInput$SensorListener: com.badlogic.gdx.Input$Orientation nativeOrientation
com.badlogic.gdx.backends.android.AndroidInput$SensorListener: com.badlogic.gdx.backends.android.AndroidInput this$0
com.badlogic.gdx.backends.android.AndroidInput$SensorListener: AndroidInput$SensorListener(com.badlogic.gdx.backends.android.AndroidInput,com.badlogic.gdx.Input$Orientation,float[],float[])
com.badlogic.gdx.backends.android.AndroidInput$SensorListener: void onAccuracyChanged(android.hardware.Sensor,int)
com.badlogic.gdx.backends.android.AndroidInput$SensorListener: void onSensorChanged(android.hardware.SensorEvent)
com.badlogic.gdx.backends.android.AndroidInput$TouchEvent
com.badlogic.gdx.backends.android.AndroidInput$TouchEvent: int TOUCH_DOWN
com.badlogic.gdx.backends.android.AndroidInput$TouchEvent: int TOUCH_UP
com.badlogic.gdx.backends.android.AndroidInput$TouchEvent: int TOUCH_DRAGGED
com.badlogic.gdx.backends.android.AndroidInput$TouchEvent: long timeStamp
com.badlogic.gdx.backends.android.AndroidInput$TouchEvent: int type
com.badlogic.gdx.backends.android.AndroidInput$TouchEvent: int x
com.badlogic.gdx.backends.android.AndroidInput$TouchEvent: int y
com.badlogic.gdx.backends.android.AndroidInput$TouchEvent: int pointer
com.badlogic.gdx.backends.android.AndroidInput$TouchEvent: AndroidInput$TouchEvent()
com.badlogic.gdx.backends.android.AndroidInputFactory
com.badlogic.gdx.backends.android.AndroidInputFactory: AndroidInputFactory()
com.badlogic.gdx.backends.android.AndroidInputFactory: com.badlogic.gdx.backends.android.AndroidInput newAndroidInput(com.badlogic.gdx.Application,android.content.Context,java.lang.Object,com.badlogic.gdx.backends.android.AndroidApplicationConfiguration)