cheesetray/CheeseTray/proguard/usage.txt
colorpicker.ColorPickerDialog:
    155:155:public int getColor()
colorpicker.ColorPickerPanelView:
    private static final float BORDER_WIDTH_PX
    160:162:public void setBorderColor(int)
    168:168:public int getBorderColor()
colorpicker.ColorPickerPreference:
    169:170:public void setAlphaSliderEnabled(boolean)
    178:199:public static java.lang.String convertToARGB(int)
    210:229:public static int convertToColorInt(java.lang.String)
colorpicker.ColorPickerView:
    private static final int PANEL_SAT_VAL
    private static final int PANEL_HUE
    private static final int PANEL_ALPHA
    private static final float BORDER_WIDTH_PX
    818:820:public void setBorderColor(int)
    826:826:public int getBorderColor()
    834:834:public int getColor()
    842:843:public void setColor(int)
    912:917:public void setSliderTrackerColor(int)
    920:920:public int getSliderTrackerColor()
    929:931:public void setAlphaSliderText(int)
    939:941:public void setAlphaSliderText(java.lang.String)
    950:950:public java.lang.String getAlphaSliderText()
com.android.vending.billing.IInAppBillingService$Stub:
    private static final java.lang.String DESCRIPTOR
    static final int TRANSACTION_isBillingSupported
    static final int TRANSACTION_getSkuDetails
    static final int TRANSACTION_getBuyIntent
    static final int TRANSACTION_getPurchases
    static final int TRANSACTION_consumePurchase
    37:40:public IInAppBillingService$Stub()
    58:58:public android.os.IBinder asBinder()
com.android.vending.billing.IInAppBillingService$Stub$Proxy:
    186:186:public java.lang.String getInterfaceDescriptor()
com.badlogic.gdx.Application:
    public static final int LOG_NONE
    public static final int LOG_DEBUG
    public static final int LOG_INFO
    public static final int LOG_ERROR
    public abstract com.badlogic.gdx.Audio getAudio()
    public abstract com.badlogic.gdx.Input getInput()
    public abstract com.badlogic.gdx.Files getFiles()
    public abstract com.badlogic.gdx.Net getNet()
    public abstract void log(java.lang.String,java.lang.String,java.lang.Exception)
    public abstract void error(java.lang.String,java.lang.String)
    public abstract void debug(java.lang.String,java.lang.String,java.lang.Throwable)
    public abstract void setLogLevel(int)
    public abstract int getVersion()
    public abstract long getJavaHeap()
    public abstract long getNativeHeap()
    public abstract com.badlogic.gdx.Preferences getPreferences(java.lang.String)
    public abstract com.badlogic.gdx.utils.Clipboard getClipboard()
    public abstract void exit()
    public abstract void addLifecycleListener(com.badlogic.gdx.LifecycleListener)
    public abstract void removeLifecycleListener(com.badlogic.gdx.LifecycleListener)
com.badlogic.gdx.ApplicationAdapter
com.badlogic.gdx.Audio:
    public abstract com.badlogic.gdx.audio.AudioDevice newAudioDevice(int,boolean)
    public abstract com.badlogic.gdx.audio.AudioRecorder newAudioRecorder(int,boolean)
    public abstract com.badlogic.gdx.audio.Sound newSound(com.badlogic.gdx.files.FileHandle)
    public abstract com.badlogic.gdx.audio.Music newMusic(com.badlogic.gdx.files.FileHandle)
com.badlogic.gdx.Files:
    public abstract com.badlogic.gdx.files.FileHandle getFileHandle(java.lang.String,com.badlogic.gdx.Files$FileType)
    public abstract com.badlogic.gdx.files.FileHandle classpath(java.lang.String)
    public abstract com.badlogic.gdx.files.FileHandle external(java.lang.String)
    public abstract com.badlogic.gdx.files.FileHandle absolute(java.lang.String)
    public abstract com.badlogic.gdx.files.FileHandle local(java.lang.String)
    public abstract boolean isExternalStorageAvailable()
    public abstract java.lang.String getLocalStoragePath()
    public abstract boolean isLocalStorageAvailable()
com.badlogic.gdx.Game
com.badlogic.gdx.Gdx:
    35:35:public Gdx()